<?xml version="1.0" encoding="UTF-8"?>
<!-- Generated by org.testng.reporters.JUnitXMLReporter -->
<testsuite ignored="0" hostname="DESKTOP-EJUEMR9" failures="0" tests="5" name="RegressionRun" time="118.431" errors="0" timestamp="2024-01-01T07:56:10 IST">
  <testcase classname="com.sevenrmartsupermarket.tests.PushNotificationTest" name="verifyDataFromExcel" time="6.418"/>
  <testcase classname="com.sevenrmartsupermarket.tests.PushNotificationTest" name="verifyPushNotificationAlertMsg" time="10.068"/>
  <testcase classname="com.sevenrmartsupermarket.tests.ManageOfferCodeTest" name="verifySearchButtonFeatures" time="10.457"/>
  <testcase classname="com.sevenrmartsupermarket.tests.ManageOfferCodeTest" name="verifySearchReset" time="14.725"/>
  <testcase classname="com.sevenrmartsupermarket.tests.ManageOfferCodeTest" name="verify_NewOffer" time="22.058"/>
</testsuite> <!-- RegressionRun -->
