<?xml version="1.0" encoding="UTF-8"?>
<!-- Generated by org.testng.reporters.JUnitXMLReporter -->
<testsuite ignored="0" hostname="DESKTOP-EJUEMR9" failures="5" tests="7" name="SmokeRun" time="95.997" errors="0" timestamp="2023-12-29T08:21:26 IST">
  <testcase classname="com.sevenrmartsupermarket.base.Base" name="@BeforeMethod launchBrowser" time="6.482">
    <failure type="org.openqa.selenium.NoSuchWindowException" message="no such window: target window already closed
from unknown error: web view not found
  (Session info: chrome=120.0.6099.130)
Build info: version: &amp;apos;4.11.0&amp;apos;, revision: &amp;apos;040bc5406b&amp;apos;
System info: os.name: &amp;apos;Windows 11&amp;apos;, os.arch: &amp;apos;amd64&amp;apos;, os.version: &amp;apos;10.0&amp;apos;, java.version: &amp;apos;17.0.2&amp;apos;
Driver info: org.openqa.selenium.chrome.ChromeDriver
Command: [550034bc05dd72a9f6186122fe660de4, maximizeCurrentWindow {}]
Capabilities {acceptInsecureCerts: false, browserName: chrome, browserVersion: 120.0.6099.130, chrome: {chromedriverVersion: 120.0.6099.109 (3419140ab66..., userDataDir: C:\Users\Saneesh\AppData\Lo...}, fedcm:accounts: true, goog:chromeOptions: {debuggerAddress: localhost:55382}, networkConnectionEnabled: false, pageLoadStrategy: normal, platformName: windows, proxy: Proxy(), se:cdp: ws://localhost:55382/devtoo..., se:cdpVersion: 120.0.6099.130, setWindowRect: true, strictFileInteractability: false, timeouts: {implicit: 0, pageLoad: 300000, script: 30000}, unhandledPromptBehavior: dismiss and notify, webauthn:extension:credBlob: true, webauthn:extension:largeBlob: true, webauthn:extension:minPinLength: true, webauthn:extension:prf: true, webauthn:virtualAuthenticators: true}
Session ID: 550034bc05dd72a9f6186122fe660de4">
      <![CDATA[org.openqa.selenium.NoSuchWindowException: no such window: target window already closed
from unknown error: web view not found
  (Session info: chrome=120.0.6099.130)
Build info: version: '4.11.0', revision: '040bc5406b'
System info: os.name: 'Windows 11', os.arch: 'amd64', os.version: '10.0', java.version: '17.0.2'
Driver info: org.openqa.selenium.chrome.ChromeDriver
Command: [550034bc05dd72a9f6186122fe660de4, maximizeCurrentWindow {}]
Capabilities {acceptInsecureCerts: false, browserName: chrome, browserVersion: 120.0.6099.130, chrome: {chromedriverVersion: 120.0.6099.109 (3419140ab66..., userDataDir: C:\Users\Saneesh\AppData\Lo...}, fedcm:accounts: true, goog:chromeOptions: {debuggerAddress: localhost:55382}, networkConnectionEnabled: false, pageLoadStrategy: normal, platformName: windows, proxy: Proxy(), se:cdp: ws://localhost:55382/devtoo..., se:cdpVersion: 120.0.6099.130, setWindowRect: true, strictFileInteractability: false, timeouts: {implicit: 0, pageLoad: 300000, script: 30000}, unhandledPromptBehavior: dismiss and notify, webauthn:extension:credBlob: true, webauthn:extension:largeBlob: true, webauthn:extension:minPinLength: true, webauthn:extension:prf: true, webauthn:virtualAuthenticators: true}
Session ID: 550034bc05dd72a9f6186122fe660de4
at org.openqa.selenium.remote.codec.w3c.W3CHttpResponseCodec.createException(W3CHttpResponseCodec.java:200)
at org.openqa.selenium.remote.codec.w3c.W3CHttpResponseCodec.decode(W3CHttpResponseCodec.java:133)
at org.openqa.selenium.remote.codec.w3c.W3CHttpResponseCodec.decode(W3CHttpResponseCodec.java:52)
at org.openqa.selenium.remote.HttpCommandExecutor.execute(HttpCommandExecutor.java:191)
at org.openqa.selenium.remote.service.DriverCommandExecutor.invokeExecute(DriverCommandExecutor.java:196)
at org.openqa.selenium.remote.service.DriverCommandExecutor.execute(DriverCommandExecutor.java:171)
at org.openqa.selenium.remote.RemoteWebDriver.execute(RemoteWebDriver.java:518)
at org.openqa.selenium.remote.RemoteWebDriver.execute(RemoteWebDriver.java:591)
at org.openqa.selenium.remote.RemoteWebDriver.execute(RemoteWebDriver.java:595)
at org.openqa.selenium.remote.RemoteWebDriver$RemoteWebDriverOptions$RemoteWindow.maximize(RemoteWebDriver.java:978)
at com.sevenrmartsupermarket.base.Base.initialise(Base.java:51)
at com.sevenrmartsupermarket.base.Base.launchBrowser(Base.java:59)
at java.base/java.util.ArrayList.forEach(ArrayList.java:1511)
... Removed 36 stack frames]]>
    </failure>
  </testcase> <!-- @BeforeMethod launchBrowser -->
  <testcase classname="com.sevenrmartsupermarket.base.Base" name="@AfterMethod terminateSession" time="0.0">
    <skipped/>
  </testcase> <!-- @AfterMethod terminateSession -->
  <testcase classname="com.sevenrmartsupermarket.base.Base" name="@BeforeMethod launchBrowser" time="0.0">
    <skipped/>
  </testcase> <!-- @BeforeMethod launchBrowser -->
  <testcase classname="com.sevenrmartsupermarket.base.Base" name="@AfterMethod terminateSession" time="0.0">
    <skipped/>
  </testcase> <!-- @AfterMethod terminateSession -->
  <testcase classname="com.sevenrmartsupermarket.tests.ManageDeliveryBoyTest" name="verifyAddDeliveryBoyDatasFromExcel" time="0.009">
    <failure type="java.lang.Error" message="Unresolved compilation problems: 
	The method getTextofElements(List&amp;lt;WebElement&amp;gt;) is undefined for the type GeneralUtility
	editingPerson cannot be resolved
	Syntax error on token &amp;quot;}&amp;quot;, delete this token
	The method print_delivery_BoyNames() is undefined for the type ManageDeliveryBoyPage
	Syntax error, insert &amp;quot;}&amp;quot; to complete MethodBody
	Syntax error, insert &amp;quot;}&amp;quot; to complete ClassBody
">
      <![CDATA[java.lang.Error: Unresolved compilation problems: 
The method getTextofElements(List<WebElement>) is undefined for the type GeneralUtility
editingPerson cannot be resolved
Syntax error on token "}", delete this token
The method print_delivery_BoyNames() is undefined for the type ManageDeliveryBoyPage
Syntax error, insert "}" to complete MethodBody
Syntax error, insert "}" to complete ClassBody

at com.sevenrmartsupermarket.pages.ManageDeliveryBoyPage.<init>(ManageDeliveryBoyPage.java:118)
at com.sevenrmartsupermarket.tests.ManageDeliveryBoyTest.verifyAddDeliveryBoyDatasFromExcel(ManageDeliveryBoyTest.java:32)
at java.base/java.util.ArrayList.forEach(ArrayList.java:1511)
... Removed 27 stack frames]]>
    </failure>
  </testcase> <!-- verifyAddDeliveryBoyDatasFromExcel -->
  <testcase classname="com.sevenrmartsupermarket.tests.ManageDeliveryBoyTest" name="verifyManageDeliveryBoyPage" time="0.002">
    <failure type="java.lang.Error" message="Unresolved compilation problems: 
	The method getTextofElements(List&amp;lt;WebElement&amp;gt;) is undefined for the type GeneralUtility
	editingPerson cannot be resolved
	Syntax error on token &amp;quot;}&amp;quot;, delete this token
	The method print_delivery_BoyNames() is undefined for the type ManageDeliveryBoyPage
	Syntax error, insert &amp;quot;}&amp;quot; to complete MethodBody
	Syntax error, insert &amp;quot;}&amp;quot; to complete ClassBody
">
      <![CDATA[java.lang.Error: Unresolved compilation problems: 
The method getTextofElements(List<WebElement>) is undefined for the type GeneralUtility
editingPerson cannot be resolved
Syntax error on token "}", delete this token
The method print_delivery_BoyNames() is undefined for the type ManageDeliveryBoyPage
Syntax error, insert "}" to complete MethodBody
Syntax error, insert "}" to complete ClassBody

at com.sevenrmartsupermarket.pages.ManageDeliveryBoyPage.<init>(ManageDeliveryBoyPage.java:118)
at com.sevenrmartsupermarket.tests.ManageDeliveryBoyTest.verifyManageDeliveryBoyPage(ManageDeliveryBoyTest.java:22)
at java.base/java.util.ArrayList.forEach(ArrayList.java:1511)
... Removed 27 stack frames]]>
    </failure>
  </testcase> <!-- verifyManageDeliveryBoyPage -->
  <testcase classname="com.sevenrmartsupermarket.tests.ManageDeliveryBoyTest" name="verifyNewDeliveryBoyDetailsAddedAlertMsg" time="0.004">
    <failure type="java.lang.Error" message="Unresolved compilation problems: 
	The method getTextofElements(List&amp;lt;WebElement&amp;gt;) is undefined for the type GeneralUtility
	editingPerson cannot be resolved
	Syntax error on token &amp;quot;}&amp;quot;, delete this token
	The method print_delivery_BoyNames() is undefined for the type ManageDeliveryBoyPage
	Syntax error, insert &amp;quot;}&amp;quot; to complete MethodBody
	Syntax error, insert &amp;quot;}&amp;quot; to complete ClassBody
">
      <![CDATA[java.lang.Error: Unresolved compilation problems: 
The method getTextofElements(List<WebElement>) is undefined for the type GeneralUtility
editingPerson cannot be resolved
Syntax error on token "}", delete this token
The method print_delivery_BoyNames() is undefined for the type ManageDeliveryBoyPage
Syntax error, insert "}" to complete MethodBody
Syntax error, insert "}" to complete ClassBody

at com.sevenrmartsupermarket.pages.ManageDeliveryBoyPage.<init>(ManageDeliveryBoyPage.java:118)
at com.sevenrmartsupermarket.tests.ManageDeliveryBoyTest.verifyNewDeliveryBoyDetailsAddedAlertMsg(ManageDeliveryBoyTest.java:57)
at java.base/java.util.ArrayList.forEach(ArrayList.java:1511)
... Removed 27 stack frames]]>
    </failure>
  </testcase> <!-- verifyNewDeliveryBoyDetailsAddedAlertMsg -->
  <testcase classname="com.sevenrmartsupermarket.tests.ManageDeliveryBoyTest" name="verifySearchButtonFeatures" time="0.003">
    <failure type="java.lang.Error" message="Unresolved compilation problems: 
	The method getTextofElements(List&amp;lt;WebElement&amp;gt;) is undefined for the type GeneralUtility
	editingPerson cannot be resolved
	Syntax error on token &amp;quot;}&amp;quot;, delete this token
	The method print_delivery_BoyNames() is undefined for the type ManageDeliveryBoyPage
	Syntax error, insert &amp;quot;}&amp;quot; to complete MethodBody
	Syntax error, insert &amp;quot;}&amp;quot; to complete ClassBody
">
      <![CDATA[java.lang.Error: Unresolved compilation problems: 
The method getTextofElements(List<WebElement>) is undefined for the type GeneralUtility
editingPerson cannot be resolved
Syntax error on token "}", delete this token
The method print_delivery_BoyNames() is undefined for the type ManageDeliveryBoyPage
Syntax error, insert "}" to complete MethodBody
Syntax error, insert "}" to complete ClassBody

at com.sevenrmartsupermarket.pages.ManageDeliveryBoyPage.<init>(ManageDeliveryBoyPage.java:118)
at com.sevenrmartsupermarket.tests.ManageDeliveryBoyTest.verifySearchButtonFeatures(ManageDeliveryBoyTest.java:81)
at java.base/java.util.ArrayList.forEach(ArrayList.java:1511)
... Removed 27 stack frames]]>
    </failure>
  </testcase> <!-- verifySearchButtonFeatures -->
  <testcase classname="com.sevenrmartsupermarket.tests.ManageDeliveryBoyTest" name="verifySearchReset" time="0.002">
    <failure type="java.lang.Error" message="Unresolved compilation problems: 
	The method getTextofElements(List&amp;lt;WebElement&amp;gt;) is undefined for the type GeneralUtility
	editingPerson cannot be resolved
	Syntax error on token &amp;quot;}&amp;quot;, delete this token
	The method print_delivery_BoyNames() is undefined for the type ManageDeliveryBoyPage
	Syntax error, insert &amp;quot;}&amp;quot; to complete MethodBody
	Syntax error, insert &amp;quot;}&amp;quot; to complete ClassBody
">
      <![CDATA[java.lang.Error: Unresolved compilation problems: 
The method getTextofElements(List<WebElement>) is undefined for the type GeneralUtility
editingPerson cannot be resolved
Syntax error on token "}", delete this token
The method print_delivery_BoyNames() is undefined for the type ManageDeliveryBoyPage
Syntax error, insert "}" to complete MethodBody
Syntax error, insert "}" to complete ClassBody

at com.sevenrmartsupermarket.pages.ManageDeliveryBoyPage.<init>(ManageDeliveryBoyPage.java:118)
at com.sevenrmartsupermarket.tests.ManageDeliveryBoyTest.verifySearchReset(ManageDeliveryBoyTest.java:91)
at java.base/java.util.ArrayList.forEach(ArrayList.java:1511)
... Removed 27 stack frames]]>
    </failure>
  </testcase> <!-- verifySearchReset -->
  <testcase classname="com.sevenrmartsupermarket.tests.LoginTest" name="verifyInvalidLogin" time="0.0">
    <skipped/>
  </testcase> <!-- verifyInvalidLogin -->
  <testcase classname="com.sevenrmartsupermarket.tests.LoginTest" name="verifyLogin" time="0.0">
    <skipped/>
  </testcase> <!-- verifyLogin -->
</testsuite> <!-- SmokeRun -->
