<?xml version="1.0" encoding="UTF-8"?>
<!-- Generated by org.testng.reporters.JUnitXMLReporter -->
<testsuite ignored="14" hostname="DESKTOP-EJUEMR9" failures="0" tests="2" name="SmokeRun" time="25.844" errors="0" timestamp="2024-01-02T08:23:52 IST">
  <testcase classname="com.sevenrmartsupermarket.tests.PushNotificationTest" name="verifyDataFromExcel" time="4.91"/>
  <testcase classname="com.sevenrmartsupermarket.tests.PushNotificationTest" name="verifyPushNotificationAlertMsg" time="6.389"/>
  <testcase classname="com.sevenrmartsupermarket.tests.ManageLocationTest" name="verifyDropDownLocationPage" time="0.0">
    <ignored/>
  </testcase> <!-- verifyDropDownLocationPage -->
  <testcase classname="com.sevenrmartsupermarket.tests.ManageLocationTest" name="verifyDeliveryCharge" time="0.0">
    <ignored/>
  </testcase> <!-- verifyDeliveryCharge -->
  <testcase classname="com.sevenrmartsupermarket.tests.ManageOfferCodeTest" name="verifySearchReset" time="0.0">
    <ignored/>
  </testcase> <!-- verifySearchReset -->
  <testcase classname="com.sevenrmartsupermarket.tests.ManageDeliveryBoyTest" name="verifyManageDeliveryBoyPage" time="0.0">
    <ignored/>
  </testcase> <!-- verifyManageDeliveryBoyPage -->
  <testcase classname="com.sevenrmartsupermarket.tests.LoginTest" name="verifyInvalidLogin" time="0.0">
    <ignored/>
  </testcase> <!-- verifyInvalidLogin -->
  <testcase classname="com.sevenrmartsupermarket.tests.ManageDeliveryBoyTest" name="verifyAddDeliveryBoyFromExcel" time="0.0">
    <ignored/>
  </testcase> <!-- verifyAddDeliveryBoyFromExcel -->
  <testcase classname="com.sevenrmartsupermarket.tests.ManageDeliveryBoyTest" name="verifySearchReset" time="0.0">
    <ignored/>
  </testcase> <!-- verifySearchReset -->
  <testcase classname="com.sevenrmartsupermarket.tests.ManageLocationTest" name="verifyLocation" time="0.0">
    <ignored/>
  </testcase> <!-- verifyLocation -->
  <testcase classname="com.sevenrmartsupermarket.tests.ManageOfferCodeTest" name="verifySearchButtonFeatures" time="0.0">
    <ignored/>
  </testcase> <!-- verifySearchButtonFeatures -->
  <testcase classname="com.sevenrmartsupermarket.tests.LoginTest" name="verifyLogin" time="0.0">
    <ignored/>
  </testcase> <!-- verifyLogin -->
  <testcase classname="com.sevenrmartsupermarket.tests.ManageOfferCodeTest" name="verify_NewOffer" time="0.0">
    <ignored/>
  </testcase> <!-- verify_NewOffer -->
  <testcase classname="com.sevenrmartsupermarket.tests.ManageLocationTest" name="verifyLocationPage" time="0.0">
    <ignored/>
  </testcase> <!-- verifyLocationPage -->
  <testcase classname="com.sevenrmartsupermarket.tests.ManageDeliveryBoyTest" name="verifySearchButtonFeatures" time="0.0">
    <ignored/>
  </testcase> <!-- verifySearchButtonFeatures -->
  <testcase classname="com.sevenrmartsupermarket.tests.ManageDeliveryBoyTest" name="verifyNewDeliveryBoyDetailsAddedAlertMsg" time="0.0">
    <ignored/>
  </testcase> <!-- verifyNewDeliveryBoyDetailsAddedAlertMsg -->
</testsuite> <!-- SmokeRun -->
