<?xml version="1.0" encoding="UTF-8"?>
<!-- Generated by org.testng.reporters.JUnitXMLReporter -->
<testsuite ignored="0" hostname="DESKTOP-EJUEMR9" failures="0" tests="5" name="FireFoxTest" time="13.604" errors="0" timestamp="2024-01-02T07:40:10 IST">
  <testcase classname="com.sevenrmartsupermarket.tests.PushNotificationTest" name="verifyDataFromExcel" time="0.0">
    <skipped/>
  </testcase> <!-- verifyDataFromExcel -->
  <testcase classname="com.sevenrmartsupermarket.tests.PushNotificationTest" name="verifyPushNotificationAlertMsg" time="0.0">
    <skipped/>
  </testcase> <!-- verifyPushNotificationAlertMsg -->
  <testcase classname="com.sevenrmartsupermarket.tests.ManageOfferCodeTest" name="verifySearchButtonFeatures" time="0.0">
    <skipped/>
  </testcase> <!-- verifySearchButtonFeatures -->
  <testcase classname="com.sevenrmartsupermarket.tests.ManageOfferCodeTest" name="verifySearchReset" time="0.0">
    <skipped/>
  </testcase> <!-- verifySearchReset -->
  <testcase classname="com.sevenrmartsupermarket.tests.ManageOfferCodeTest" name="verify_NewOffer" time="0.0">
    <skipped/>
  </testcase> <!-- verify_NewOffer -->
</testsuite> <!-- FireFoxTest -->
